0 info it worked if it ends with ok
1 verbose cli [ '/usr/bin/nodejs',
1 verbose cli   '/usr/local/bin/npm',
1 verbose cli   'install',
1 verbose cli   'express-generator',
1 verbose cli   '-g' ]
2 info using npm@3.9.3
3 info using node@v6.2.1
4 silly loadCurrentTree Starting
5 silly install loadCurrentTree
6 silly install readGlobalPackageData
7 silly fetchPackageMetaData express-generator
8 silly fetchNamedPackageData express-generator
9 silly mapToRegistry name express-generator
10 silly mapToRegistry using default registry
11 silly mapToRegistry registry https://registry.npmjs.org/
12 silly mapToRegistry data Result {
12 silly mapToRegistry   raw: 'express-generator',
12 silly mapToRegistry   scope: null,
12 silly mapToRegistry   name: 'express-generator',
12 silly mapToRegistry   rawSpec: '',
12 silly mapToRegistry   spec: 'latest',
12 silly mapToRegistry   type: 'tag' }
13 silly mapToRegistry uri https://registry.npmjs.org/express-generator
14 verbose request uri https://registry.npmjs.org/express-generator
15 verbose request no auth needed
16 info attempt registry request try #1 at 17:10:43
17 verbose request id 57f0a141163c5457
18 http request GET https://registry.npmjs.org/express-generator
19 http 200 https://registry.npmjs.org/express-generator
20 verbose headers { server: 'nginx/1.10.1',
20 verbose headers   'content-type': 'application/json',
20 verbose headers   'last-modified': 'Mon, 05 Dec 2016 05:02:33 GMT',
20 verbose headers   etag: 'W/"5844f4e9-8dc5"',
20 verbose headers   'content-encoding': 'gzip',
20 verbose headers   'cache-control': 'max-age=300',
20 verbose headers   'content-length': '4279',
20 verbose headers   'accept-ranges': 'bytes',
20 verbose headers   date: 'Tue, 06 Dec 2016 16:10:48 GMT',
20 verbose headers   via: '1.1 varnish',
20 verbose headers   age: '137',
20 verbose headers   connection: 'keep-alive',
20 verbose headers   'x-served-by': 'cache-lcy1131-LCY',
20 verbose headers   'x-cache': 'HIT',
20 verbose headers   'x-cache-hits': '298',
20 verbose headers   'x-timer': 'S1481040648.579756,VS0,VE0',
20 verbose headers   vary: 'Accept-Encoding' }
21 silly get cb [ 200,
21 silly get   { server: 'nginx/1.10.1',
21 silly get     'content-type': 'application/json',
21 silly get     'last-modified': 'Mon, 05 Dec 2016 05:02:33 GMT',
21 silly get     etag: 'W/"5844f4e9-8dc5"',
21 silly get     'content-encoding': 'gzip',
21 silly get     'cache-control': 'max-age=300',
21 silly get     'content-length': '4279',
21 silly get     'accept-ranges': 'bytes',
21 silly get     date: 'Tue, 06 Dec 2016 16:10:48 GMT',
21 silly get     via: '1.1 varnish',
21 silly get     age: '137',
21 silly get     connection: 'keep-alive',
21 silly get     'x-served-by': 'cache-lcy1131-LCY',
21 silly get     'x-cache': 'HIT',
21 silly get     'x-cache-hits': '298',
21 silly get     'x-timer': 'S1481040648.579756,VS0,VE0',
21 silly get     vary: 'Accept-Encoding' } ]
22 verbose get saving express-generator to /home/agirard/.npm/registry.npmjs.org/express-generator/.cache.json
23 verbose correctMkdir /home/agirard/.npm correctMkdir not in flight; initializing
24 silly install normalizeTree
25 silly loadCurrentTree Finishing
26 silly loadIdealTree Starting
27 silly install loadIdealTree
28 silly cloneCurrentTree Starting
29 silly install cloneCurrentTreeToIdealTree
30 silly cloneCurrentTree Finishing
31 silly loadShrinkwrap Starting
32 silly install loadShrinkwrap
33 silly loadShrinkwrap Finishing
34 silly loadAllDepsIntoIdealTree Starting
35 silly install loadAllDepsIntoIdealTree
36 silly resolveWithNewModule express-generator@4.14.0 checking installable status
37 silly cache add args [ 'express-generator', null ]
38 verbose cache add spec express-generator
39 silly cache add parsed spec Result {
39 silly cache add   raw: 'express-generator',
39 silly cache add   scope: null,
39 silly cache add   name: 'express-generator',
39 silly cache add   rawSpec: '',
39 silly cache add   spec: 'latest',
39 silly cache add   type: 'tag' }
40 silly addNamed express-generator@latest
41 verbose addNamed "latest" is being treated as a dist-tag for express-generator
42 info addNameTag [ 'express-generator', 'latest' ]
43 silly mapToRegistry name express-generator
44 silly mapToRegistry using default registry
45 silly mapToRegistry registry https://registry.npmjs.org/
46 silly mapToRegistry data Result {
46 silly mapToRegistry   raw: 'express-generator',
46 silly mapToRegistry   scope: null,
46 silly mapToRegistry   name: 'express-generator',
46 silly mapToRegistry   rawSpec: '',
46 silly mapToRegistry   spec: 'latest',
46 silly mapToRegistry   type: 'tag' }
47 silly mapToRegistry uri https://registry.npmjs.org/express-generator
48 verbose addNameTag registry:https://registry.npmjs.org/express-generator not in flight; fetching
49 verbose get https://registry.npmjs.org/express-generator not expired, no request
50 silly addNameTag next cb for express-generator with tag latest
51 silly addNamed express-generator@4.14.0
52 verbose addNamed "4.14.0" is a plain semver version for express-generator
53 silly mapToRegistry name express-generator
54 silly mapToRegistry using default registry
55 silly mapToRegistry registry https://registry.npmjs.org/
56 silly mapToRegistry data Result {
56 silly mapToRegistry   raw: 'express-generator',
56 silly mapToRegistry   scope: null,
56 silly mapToRegistry   name: 'express-generator',
56 silly mapToRegistry   rawSpec: '',
56 silly mapToRegistry   spec: 'latest',
56 silly mapToRegistry   type: 'tag' }
57 silly mapToRegistry uri https://registry.npmjs.org/express-generator
58 verbose addRemoteTarball https://registry.npmjs.org/express-generator/-/express-generator-4.14.0.tgz not in flight; adding
59 verbose addRemoteTarball [ 'https://registry.npmjs.org/express-generator/-/express-generator-4.14.0.tgz',
59 verbose addRemoteTarball   '4abff6edd5b92dfc47f9967e1ce6b4c7164e6ab8' ]
60 info retry fetch attempt 1 at 17:10:48
61 info attempt registry request try #1 at 17:10:48
62 http fetch GET https://registry.npmjs.org/express-generator/-/express-generator-4.14.0.tgz
63 http fetch 200 https://registry.npmjs.org/express-generator/-/express-generator-4.14.0.tgz
64 silly fetchAndShaCheck shasum 4abff6edd5b92dfc47f9967e1ce6b4c7164e6ab8
65 verbose addTmpTarball /tmp/npm-29191-d3d72ac0/registry.npmjs.org/express-generator/-/express-generator-4.14.0.tgz not in flight; adding
66 verbose addTmpTarball already have metadata; skipping unpack for express-generator@4.14.0
67 verbose correctMkdir /home/agirard/.npm correctMkdir not in flight; initializing
68 silly cache afterAdd express-generator@4.14.0
69 verbose afterAdd /home/agirard/.npm/express-generator/4.14.0/package/package.json not in flight; writing
70 verbose correctMkdir /home/agirard/.npm correctMkdir not in flight; initializing
71 verbose afterAdd /home/agirard/.npm/express-generator/4.14.0/package/package.json written
72 silly fetchNamedPackageData commander
73 silly mapToRegistry name commander
74 silly mapToRegistry using default registry
75 silly mapToRegistry registry https://registry.npmjs.org/
76 silly mapToRegistry data Result {
76 silly mapToRegistry   raw: 'commander',
76 silly mapToRegistry   scope: null,
76 silly mapToRegistry   name: 'commander',
76 silly mapToRegistry   rawSpec: '',
76 silly mapToRegistry   spec: 'latest',
76 silly mapToRegistry   type: 'tag' }
77 silly mapToRegistry uri https://registry.npmjs.org/commander
78 silly fetchNamedPackageData mkdirp
79 silly mapToRegistry name mkdirp
80 silly mapToRegistry using default registry
81 silly mapToRegistry registry https://registry.npmjs.org/
82 silly mapToRegistry data Result {
82 silly mapToRegistry   raw: 'mkdirp',
82 silly mapToRegistry   scope: null,
82 silly mapToRegistry   name: 'mkdirp',
82 silly mapToRegistry   rawSpec: '',
82 silly mapToRegistry   spec: 'latest',
82 silly mapToRegistry   type: 'tag' }
83 silly mapToRegistry uri https://registry.npmjs.org/mkdirp
84 silly fetchNamedPackageData sorted-object
85 silly mapToRegistry name sorted-object
86 silly mapToRegistry using default registry
87 silly mapToRegistry registry https://registry.npmjs.org/
88 silly mapToRegistry data Result {
88 silly mapToRegistry   raw: 'sorted-object',
88 silly mapToRegistry   scope: null,
88 silly mapToRegistry   name: 'sorted-object',
88 silly mapToRegistry   rawSpec: '',
88 silly mapToRegistry   spec: 'latest',
88 silly mapToRegistry   type: 'tag' }
89 silly mapToRegistry uri https://registry.npmjs.org/sorted-object
90 verbose request uri https://registry.npmjs.org/sorted-object
91 verbose request no auth needed
92 info attempt registry request try #1 at 17:10:48
93 http request GET https://registry.npmjs.org/sorted-object
94 http 200 https://registry.npmjs.org/sorted-object
95 verbose headers { server: 'nginx/1.10.1',
95 verbose headers   'content-type': 'application/json',
95 verbose headers   'last-modified': 'Sat, 10 Sep 2016 23:39:29 GMT',
95 verbose headers   etag: 'W/"57d499b1-1545"',
95 verbose headers   'content-encoding': 'gzip',
95 verbose headers   'cache-control': 'max-age=300',
95 verbose headers   'content-length': '1619',
95 verbose headers   'accept-ranges': 'bytes',
95 verbose headers   date: 'Tue, 06 Dec 2016 16:10:48 GMT',
95 verbose headers   via: '1.1 varnish',
95 verbose headers   age: '254',
95 verbose headers   connection: 'keep-alive',
95 verbose headers   'x-served-by': 'cache-lcy1131-LCY',
95 verbose headers   'x-cache': 'HIT',
95 verbose headers   'x-cache-hits': '1',
95 verbose headers   'x-timer': 'S1481040648.722852,VS0,VE0',
95 verbose headers   vary: 'Accept-Encoding' }
96 silly get cb [ 200,
96 silly get   { server: 'nginx/1.10.1',
96 silly get     'content-type': 'application/json',
96 silly get     'last-modified': 'Sat, 10 Sep 2016 23:39:29 GMT',
96 silly get     etag: 'W/"57d499b1-1545"',
96 silly get     'content-encoding': 'gzip',
96 silly get     'cache-control': 'max-age=300',
96 silly get     'content-length': '1619',
96 silly get     'accept-ranges': 'bytes',
96 silly get     date: 'Tue, 06 Dec 2016 16:10:48 GMT',
96 silly get     via: '1.1 varnish',
96 silly get     age: '254',
96 silly get     connection: 'keep-alive',
96 silly get     'x-served-by': 'cache-lcy1131-LCY',
96 silly get     'x-cache': 'HIT',
96 silly get     'x-cache-hits': '1',
96 silly get     'x-timer': 'S1481040648.722852,VS0,VE0',
96 silly get     vary: 'Accept-Encoding' } ]
97 verbose get saving sorted-object to /home/agirard/.npm/registry.npmjs.org/sorted-object/.cache.json
98 verbose correctMkdir /home/agirard/.npm correctMkdir not in flight; initializing
99 silly resolveWithNewModule sorted-object@2.0.0 checking installable status
100 silly cache add args [ 'sorted-object@2.0.0', null ]
101 verbose cache add spec sorted-object@2.0.0
102 silly cache add parsed spec Result {
102 silly cache add   raw: 'sorted-object@2.0.0',
102 silly cache add   scope: null,
102 silly cache add   name: 'sorted-object',
102 silly cache add   rawSpec: '2.0.0',
102 silly cache add   spec: '2.0.0',
102 silly cache add   type: 'version' }
103 silly addNamed sorted-object@2.0.0
104 verbose addNamed "2.0.0" is a plain semver version for sorted-object
105 silly mapToRegistry name sorted-object
106 silly mapToRegistry using default registry
107 silly mapToRegistry registry https://registry.npmjs.org/
108 silly mapToRegistry data Result {
108 silly mapToRegistry   raw: 'sorted-object',
108 silly mapToRegistry   scope: null,
108 silly mapToRegistry   name: 'sorted-object',
108 silly mapToRegistry   rawSpec: '',
108 silly mapToRegistry   spec: 'latest',
108 silly mapToRegistry   type: 'tag' }
109 silly mapToRegistry uri https://registry.npmjs.org/sorted-object
110 verbose addNameVersion registry:https://registry.npmjs.org/sorted-object not in flight; fetching
111 verbose get https://registry.npmjs.org/sorted-object not expired, no request
112 silly mapToRegistry name sorted-object
113 silly mapToRegistry using default registry
114 silly mapToRegistry registry https://registry.npmjs.org/
115 silly mapToRegistry data Result {
115 silly mapToRegistry   raw: 'sorted-object',
115 silly mapToRegistry   scope: null,
115 silly mapToRegistry   name: 'sorted-object',
115 silly mapToRegistry   rawSpec: '',
115 silly mapToRegistry   spec: 'latest',
115 silly mapToRegistry   type: 'tag' }
116 silly mapToRegistry uri https://registry.npmjs.org/sorted-object
117 verbose addRemoteTarball https://registry.npmjs.org/sorted-object/-/sorted-object-2.0.0.tgz not in flight; adding
118 verbose addRemoteTarball [ 'https://registry.npmjs.org/sorted-object/-/sorted-object-2.0.0.tgz',
118 verbose addRemoteTarball   '1cfea981609047d8043807a490a9d99b317faf7f' ]
119 info retry fetch attempt 1 at 17:10:48
120 info attempt registry request try #1 at 17:10:48
121 http fetch GET https://registry.npmjs.org/sorted-object/-/sorted-object-2.0.0.tgz
122 verbose request uri https://registry.npmjs.org/commander
123 verbose request no auth needed
124 info attempt registry request try #1 at 17:10:48
125 verbose etag "DO19GEA5CUZH2GX1REGS9Y9TW"
126 http request GET https://registry.npmjs.org/commander
127 http fetch 200 https://registry.npmjs.org/sorted-object/-/sorted-object-2.0.0.tgz
128 silly fetchAndShaCheck shasum 1cfea981609047d8043807a490a9d99b317faf7f
129 verbose addTmpTarball /tmp/npm-29191-d3d72ac0/registry.npmjs.org/sorted-object/-/sorted-object-2.0.0.tgz not in flight; adding
130 verbose addTmpTarball already have metadata; skipping unpack for sorted-object@2.0.0
131 verbose correctMkdir /home/agirard/.npm correctMkdir not in flight; initializing
132 silly cache afterAdd sorted-object@2.0.0
133 verbose afterAdd /home/agirard/.npm/sorted-object/2.0.0/package/package.json not in flight; writing
134 verbose correctMkdir /home/agirard/.npm correctMkdir not in flight; initializing
135 verbose afterAdd /home/agirard/.npm/sorted-object/2.0.0/package/package.json written
136 verbose request uri https://registry.npmjs.org/mkdirp
137 verbose request no auth needed
138 info attempt registry request try #1 at 17:10:48
139 verbose etag "RWKHVPX5V8WNVUZ9E3HDA7D8"
140 http request GET https://registry.npmjs.org/mkdirp
141 http 200 https://registry.npmjs.org/mkdirp
142 verbose headers { server: 'nginx/1.10.1',
142 verbose headers   'content-type': 'application/json',
142 verbose headers   'last-modified': 'Wed, 30 Nov 2016 14:03:23 GMT',
142 verbose headers   etag: 'W/"583edc2b-6098"',
142 verbose headers   'content-encoding': 'gzip',
142 verbose headers   'cache-control': 'max-age=300',
142 verbose headers   'content-length': '4613',
142 verbose headers   'accept-ranges': 'bytes',
142 verbose headers   date: 'Tue, 06 Dec 2016 16:10:48 GMT',
142 verbose headers   via: '1.1 varnish',
142 verbose headers   age: '111',
142 verbose headers   connection: 'keep-alive',
142 verbose headers   'x-served-by': 'cache-lcy1131-LCY',
142 verbose headers   'x-cache': 'HIT',
142 verbose headers   'x-cache-hits': '10',
142 verbose headers   'x-timer': 'S1481040648.810684,VS0,VE0',
142 verbose headers   vary: 'Accept-Encoding' }
143 silly get cb [ 200,
143 silly get   { server: 'nginx/1.10.1',
143 silly get     'content-type': 'application/json',
143 silly get     'last-modified': 'Wed, 30 Nov 2016 14:03:23 GMT',
143 silly get     etag: 'W/"583edc2b-6098"',
143 silly get     'content-encoding': 'gzip',
143 silly get     'cache-control': 'max-age=300',
143 silly get     'content-length': '4613',
143 silly get     'accept-ranges': 'bytes',
143 silly get     date: 'Tue, 06 Dec 2016 16:10:48 GMT',
143 silly get     via: '1.1 varnish',
143 silly get     age: '111',
143 silly get     connection: 'keep-alive',
143 silly get     'x-served-by': 'cache-lcy1131-LCY',
143 silly get     'x-cache': 'HIT',
143 silly get     'x-cache-hits': '10',
143 silly get     'x-timer': 'S1481040648.810684,VS0,VE0',
143 silly get     vary: 'Accept-Encoding' } ]
144 verbose get saving mkdirp to /home/agirard/.npm/registry.npmjs.org/mkdirp/.cache.json
145 verbose correctMkdir /home/agirard/.npm correctMkdir not in flight; initializing
146 silly resolveWithNewModule mkdirp@0.5.1 checking installable status
147 silly cache add args [ 'mkdirp@0.5.1', null ]
148 verbose cache add spec mkdirp@0.5.1
149 silly cache add parsed spec Result {
149 silly cache add   raw: 'mkdirp@0.5.1',
149 silly cache add   scope: null,
149 silly cache add   name: 'mkdirp',
149 silly cache add   rawSpec: '0.5.1',
149 silly cache add   spec: '0.5.1',
149 silly cache add   type: 'version' }
150 silly addNamed mkdirp@0.5.1
151 verbose addNamed "0.5.1" is a plain semver version for mkdirp
152 silly mapToRegistry name mkdirp
153 silly mapToRegistry using default registry
154 silly mapToRegistry registry https://registry.npmjs.org/
155 silly mapToRegistry data Result {
155 silly mapToRegistry   raw: 'mkdirp',
155 silly mapToRegistry   scope: null,
155 silly mapToRegistry   name: 'mkdirp',
155 silly mapToRegistry   rawSpec: '',
155 silly mapToRegistry   spec: 'latest',
155 silly mapToRegistry   type: 'tag' }
156 silly mapToRegistry uri https://registry.npmjs.org/mkdirp
157 verbose addNameVersion registry:https://registry.npmjs.org/mkdirp not in flight; fetching
158 verbose get https://registry.npmjs.org/mkdirp not expired, no request
159 silly cache afterAdd mkdirp@0.5.1
160 verbose afterAdd /home/agirard/.npm/mkdirp/0.5.1/package/package.json not in flight; writing
161 verbose correctMkdir /home/agirard/.npm correctMkdir not in flight; initializing
162 verbose afterAdd /home/agirard/.npm/mkdirp/0.5.1/package/package.json written
163 http 200 https://registry.npmjs.org/commander
164 verbose headers { server: 'nginx/1.10.1',
164 verbose headers   'content-type': 'application/json',
164 verbose headers   'last-modified': 'Tue, 06 Dec 2016 15:22:14 GMT',
164 verbose headers   etag: 'W/"5846d7a6-fc62"',
164 verbose headers   'content-encoding': 'gzip',
164 verbose headers   'cache-control': 'max-age=300',
164 verbose headers   'content-length': '12303',
164 verbose headers   'accept-ranges': 'bytes',
164 verbose headers   date: 'Tue, 06 Dec 2016 16:10:53 GMT',
164 verbose headers   via: '1.1 varnish',
164 verbose headers   age: '208',
164 verbose headers   connection: 'keep-alive',
164 verbose headers   'x-served-by': 'cache-cdg8720-CDG',
164 verbose headers   'x-cache': 'HIT',
164 verbose headers   'x-cache-hits': '6',
164 verbose headers   'x-timer': 'S1481040653.794857,VS0,VE0',
164 verbose headers   vary: 'Accept-Encoding' }
165 silly get cb [ 200,
165 silly get   { server: 'nginx/1.10.1',
165 silly get     'content-type': 'application/json',
165 silly get     'last-modified': 'Tue, 06 Dec 2016 15:22:14 GMT',
165 silly get     etag: 'W/"5846d7a6-fc62"',
165 silly get     'content-encoding': 'gzip',
165 silly get     'cache-control': 'max-age=300',
165 silly get     'content-length': '12303',
165 silly get     'accept-ranges': 'bytes',
165 silly get     date: 'Tue, 06 Dec 2016 16:10:53 GMT',
165 silly get     via: '1.1 varnish',
165 silly get     age: '208',
165 silly get     connection: 'keep-alive',
165 silly get     'x-served-by': 'cache-cdg8720-CDG',
165 silly get     'x-cache': 'HIT',
165 silly get     'x-cache-hits': '6',
165 silly get     'x-timer': 'S1481040653.794857,VS0,VE0',
165 silly get     vary: 'Accept-Encoding' } ]
166 verbose get saving commander to /home/agirard/.npm/registry.npmjs.org/commander/.cache.json
167 verbose correctMkdir /home/agirard/.npm correctMkdir not in flight; initializing
168 silly resolveWithNewModule commander@2.9.0 checking installable status
169 silly cache add args [ 'commander@2.9.0', null ]
170 verbose cache add spec commander@2.9.0
171 silly cache add parsed spec Result {
171 silly cache add   raw: 'commander@2.9.0',
171 silly cache add   scope: null,
171 silly cache add   name: 'commander',
171 silly cache add   rawSpec: '2.9.0',
171 silly cache add   spec: '2.9.0',
171 silly cache add   type: 'version' }
172 silly addNamed commander@2.9.0
173 verbose addNamed "2.9.0" is a plain semver version for commander
174 silly mapToRegistry name commander
175 silly mapToRegistry using default registry
176 silly mapToRegistry registry https://registry.npmjs.org/
177 silly mapToRegistry data Result {
177 silly mapToRegistry   raw: 'commander',
177 silly mapToRegistry   scope: null,
177 silly mapToRegistry   name: 'commander',
177 silly mapToRegistry   rawSpec: '',
177 silly mapToRegistry   spec: 'latest',
177 silly mapToRegistry   type: 'tag' }
178 silly mapToRegistry uri https://registry.npmjs.org/commander
179 verbose addNameVersion registry:https://registry.npmjs.org/commander not in flight; fetching
180 verbose get https://registry.npmjs.org/commander not expired, no request
181 silly cache afterAdd commander@2.9.0
182 verbose afterAdd /home/agirard/.npm/commander/2.9.0/package/package.json not in flight; writing
183 verbose correctMkdir /home/agirard/.npm correctMkdir not in flight; initializing
184 verbose afterAdd /home/agirard/.npm/commander/2.9.0/package/package.json written
185 silly fetchNamedPackageData graceful-readlink
186 silly mapToRegistry name graceful-readlink
187 silly mapToRegistry using default registry
188 silly mapToRegistry registry https://registry.npmjs.org/
189 silly mapToRegistry data Result {
189 silly mapToRegistry   raw: 'graceful-readlink',
189 silly mapToRegistry   scope: null,
189 silly mapToRegistry   name: 'graceful-readlink',
189 silly mapToRegistry   rawSpec: '',
189 silly mapToRegistry   spec: 'latest',
189 silly mapToRegistry   type: 'tag' }
190 silly mapToRegistry uri https://registry.npmjs.org/graceful-readlink
191 verbose request uri https://registry.npmjs.org/graceful-readlink
192 verbose request no auth needed
193 info attempt registry request try #1 at 17:10:53
194 verbose etag "4Y89F8JDJP0YPHGBB0IMVMPJA"
195 http request GET https://registry.npmjs.org/graceful-readlink
196 http 200 https://registry.npmjs.org/graceful-readlink
197 verbose headers { server: 'nginx/1.10.1',
197 verbose headers   'content-type': 'application/json',
197 verbose headers   'last-modified': 'Tue, 01 Nov 2016 17:26:54 GMT',
197 verbose headers   etag: 'W/"5818d05e-c0c"',
197 verbose headers   'content-encoding': 'gzip',
197 verbose headers   'cache-control': 'max-age=300',
197 verbose headers   'content-length': '973',
197 verbose headers   'accept-ranges': 'bytes',
197 verbose headers   date: 'Tue, 06 Dec 2016 16:10:53 GMT',
197 verbose headers   via: '1.1 varnish',
197 verbose headers   age: '142',
197 verbose headers   connection: 'keep-alive',
197 verbose headers   'x-served-by': 'cache-lcy1131-LCY',
197 verbose headers   'x-cache': 'HIT',
197 verbose headers   'x-cache-hits': '5',
197 verbose headers   'x-timer': 'S1481040653.904127,VS0,VE0',
197 verbose headers   vary: 'Accept-Encoding' }
198 silly get cb [ 200,
198 silly get   { server: 'nginx/1.10.1',
198 silly get     'content-type': 'application/json',
198 silly get     'last-modified': 'Tue, 01 Nov 2016 17:26:54 GMT',
198 silly get     etag: 'W/"5818d05e-c0c"',
198 silly get     'content-encoding': 'gzip',
198 silly get     'cache-control': 'max-age=300',
198 silly get     'content-length': '973',
198 silly get     'accept-ranges': 'bytes',
198 silly get     date: 'Tue, 06 Dec 2016 16:10:53 GMT',
198 silly get     via: '1.1 varnish',
198 silly get     age: '142',
198 silly get     connection: 'keep-alive',
198 silly get     'x-served-by': 'cache-lcy1131-LCY',
198 silly get     'x-cache': 'HIT',
198 silly get     'x-cache-hits': '5',
198 silly get     'x-timer': 'S1481040653.904127,VS0,VE0',
198 silly get     vary: 'Accept-Encoding' } ]
199 verbose get saving graceful-readlink to /home/agirard/.npm/registry.npmjs.org/graceful-readlink/.cache.json
200 verbose correctMkdir /home/agirard/.npm correctMkdir not in flight; initializing
201 silly resolveWithNewModule graceful-readlink@1.0.1 checking installable status
202 silly cache add args [ 'graceful-readlink@>= 1.0.0', null ]
203 verbose cache add spec graceful-readlink@>= 1.0.0
204 silly cache add parsed spec Result {
204 silly cache add   raw: 'graceful-readlink@>= 1.0.0',
204 silly cache add   scope: null,
204 silly cache add   name: 'graceful-readlink',
204 silly cache add   rawSpec: '>= 1.0.0',
204 silly cache add   spec: '>=1.0.0',
204 silly cache add   type: 'range' }
205 silly addNamed graceful-readlink@>=1.0.0
206 verbose addNamed ">=1.0.0" is a valid semver range for graceful-readlink
207 silly addNameRange { name: 'graceful-readlink', range: '>=1.0.0', hasData: false }
208 silly mapToRegistry name graceful-readlink
209 silly mapToRegistry using default registry
210 silly mapToRegistry registry https://registry.npmjs.org/
211 silly mapToRegistry data Result {
211 silly mapToRegistry   raw: 'graceful-readlink',
211 silly mapToRegistry   scope: null,
211 silly mapToRegistry   name: 'graceful-readlink',
211 silly mapToRegistry   rawSpec: '',
211 silly mapToRegistry   spec: 'latest',
211 silly mapToRegistry   type: 'tag' }
212 silly mapToRegistry uri https://registry.npmjs.org/graceful-readlink
213 verbose addNameRange registry:https://registry.npmjs.org/graceful-readlink not in flight; fetching
214 verbose get https://registry.npmjs.org/graceful-readlink not expired, no request
215 silly addNameRange number 2 { name: 'graceful-readlink', range: '>=1.0.0', hasData: true }
216 silly addNameRange versions [ 'graceful-readlink', [ '1.0.0', '1.0.1' ] ]
217 silly addNamed graceful-readlink@1.0.1
218 verbose addNamed "1.0.1" is a plain semver version for graceful-readlink
219 silly cache afterAdd graceful-readlink@1.0.1
220 verbose afterAdd /home/agirard/.npm/graceful-readlink/1.0.1/package/package.json not in flight; writing
221 verbose correctMkdir /home/agirard/.npm correctMkdir not in flight; initializing
222 verbose afterAdd /home/agirard/.npm/graceful-readlink/1.0.1/package/package.json written
223 silly fetchNamedPackageData minimist
224 silly mapToRegistry name minimist
225 silly mapToRegistry using default registry
226 silly mapToRegistry registry https://registry.npmjs.org/
227 silly mapToRegistry data Result {
227 silly mapToRegistry   raw: 'minimist',
227 silly mapToRegistry   scope: null,
227 silly mapToRegistry   name: 'minimist',
227 silly mapToRegistry   rawSpec: '',
227 silly mapToRegistry   spec: 'latest',
227 silly mapToRegistry   type: 'tag' }
228 silly mapToRegistry uri https://registry.npmjs.org/minimist
229 verbose request uri https://registry.npmjs.org/minimist
230 verbose request no auth needed
231 info attempt registry request try #1 at 17:10:53
232 verbose etag "6WYQRB61MFPPSGGUX40OUX4JM"
233 http request GET https://registry.npmjs.org/minimist
234 http 200 https://registry.npmjs.org/minimist
235 verbose headers { server: 'nginx/1.10.1',
235 verbose headers   'content-type': 'application/json',
235 verbose headers   'last-modified': 'Tue, 06 Dec 2016 15:17:33 GMT',
235 verbose headers   etag: 'W/"5846d68d-7236"',
235 verbose headers   'content-encoding': 'gzip',
235 verbose headers   'cache-control': 'max-age=300',
235 verbose headers   'content-length': '5435',
235 verbose headers   'accept-ranges': 'bytes',
235 verbose headers   date: 'Tue, 06 Dec 2016 16:10:53 GMT',
235 verbose headers   via: '1.1 varnish',
235 verbose headers   age: '192',
235 verbose headers   connection: 'keep-alive',
235 verbose headers   'x-served-by': 'cache-cdg8720-CDG',
235 verbose headers   'x-cache': 'HIT',
235 verbose headers   'x-cache-hits': '12',
235 verbose headers   'x-timer': 'S1481040653.971442,VS0,VE0',
235 verbose headers   vary: 'Accept-Encoding' }
236 silly get cb [ 200,
236 silly get   { server: 'nginx/1.10.1',
236 silly get     'content-type': 'application/json',
236 silly get     'last-modified': 'Tue, 06 Dec 2016 15:17:33 GMT',
236 silly get     etag: 'W/"5846d68d-7236"',
236 silly get     'content-encoding': 'gzip',
236 silly get     'cache-control': 'max-age=300',
236 silly get     'content-length': '5435',
236 silly get     'accept-ranges': 'bytes',
236 silly get     date: 'Tue, 06 Dec 2016 16:10:53 GMT',
236 silly get     via: '1.1 varnish',
236 silly get     age: '192',
236 silly get     connection: 'keep-alive',
236 silly get     'x-served-by': 'cache-cdg8720-CDG',
236 silly get     'x-cache': 'HIT',
236 silly get     'x-cache-hits': '12',
236 silly get     'x-timer': 'S1481040653.971442,VS0,VE0',
236 silly get     vary: 'Accept-Encoding' } ]
237 verbose get saving minimist to /home/agirard/.npm/registry.npmjs.org/minimist/.cache.json
238 verbose correctMkdir /home/agirard/.npm correctMkdir not in flight; initializing
239 silly resolveWithNewModule minimist@0.0.8 checking installable status
240 silly cache add args [ 'minimist@0.0.8', null ]
241 verbose cache add spec minimist@0.0.8
242 silly cache add parsed spec Result {
242 silly cache add   raw: 'minimist@0.0.8',
242 silly cache add   scope: null,
242 silly cache add   name: 'minimist',
242 silly cache add   rawSpec: '0.0.8',
242 silly cache add   spec: '0.0.8',
242 silly cache add   type: 'version' }
243 silly addNamed minimist@0.0.8
244 verbose addNamed "0.0.8" is a plain semver version for minimist
245 silly mapToRegistry name minimist
246 silly mapToRegistry using default registry
247 silly mapToRegistry registry https://registry.npmjs.org/
248 silly mapToRegistry data Result {
248 silly mapToRegistry   raw: 'minimist',
248 silly mapToRegistry   scope: null,
248 silly mapToRegistry   name: 'minimist',
248 silly mapToRegistry   rawSpec: '',
248 silly mapToRegistry   spec: 'latest',
248 silly mapToRegistry   type: 'tag' }
249 silly mapToRegistry uri https://registry.npmjs.org/minimist
250 verbose addNameVersion registry:https://registry.npmjs.org/minimist not in flight; fetching
251 verbose get https://registry.npmjs.org/minimist not expired, no request
252 silly cache afterAdd minimist@0.0.8
253 verbose afterAdd /home/agirard/.npm/minimist/0.0.8/package/package.json not in flight; writing
254 verbose correctMkdir /home/agirard/.npm correctMkdir not in flight; initializing
255 verbose afterAdd /home/agirard/.npm/minimist/0.0.8/package/package.json written
256 silly loadAllDepsIntoIdealTree Finishing
257 silly idealTree:prePrune lib
257 silly idealTree:prePrune └─┬ express-generator@4.14.0
257 silly idealTree:prePrune   ├── commander@2.9.0
257 silly idealTree:prePrune   ├── graceful-readlink@1.0.1
257 silly idealTree:prePrune   ├── minimist@0.0.8
257 silly idealTree:prePrune   ├── mkdirp@0.5.1
257 silly idealTree:prePrune   └── sorted-object@2.0.0
258 silly loadIdealTree Finishing
259 silly currentTree lib
260 silly idealTree lib
260 silly idealTree └─┬ express-generator@4.14.0
260 silly idealTree   ├── commander@2.9.0
260 silly idealTree   ├── graceful-readlink@1.0.1
260 silly idealTree   ├── minimist@0.0.8
260 silly idealTree   ├── mkdirp@0.5.1
260 silly idealTree   └── sorted-object@2.0.0
261 silly generateActionsToTake Starting
262 silly install generateActionsToTake
263 warn checkPermissions Missing write access to /usr/lib/node_modules
264 silly rollbackFailedOptional Starting
265 silly rollbackFailedOptional Finishing
266 silly runTopLevelLifecycles Starting
267 silly runTopLevelLifecycles Finishing
268 silly install printInstalled
269 verbose stack Error: EACCES: permission denied, access '/usr/lib/node_modules'
269 verbose stack     at Error (native)
270 verbose cwd /home/agirard/Cours
271 error Linux 4.4.0-42-generic
272 error argv "/usr/bin/nodejs" "/usr/local/bin/npm" "install" "express-generator" "-g"
273 error node v6.2.1
274 error npm  v3.9.3
275 error path /usr/lib/node_modules
276 error code EACCES
277 error errno -13
278 error syscall access
279 error Error: EACCES: permission denied, access '/usr/lib/node_modules'
279 error     at Error (native)
279 error  { Error: EACCES: permission denied, access '/usr/lib/node_modules'
279 error     at Error (native)
279 error   errno: -13,
279 error   code: 'EACCES',
279 error   syscall: 'access',
279 error   path: '/usr/lib/node_modules' }
280 error Please try running this command again as root/Administrator.
281 verbose exit [ -13, true ]
